/var/lib/jenkins/ws/workspace/zulu8/linux/ppchf/c1/build/generic/ca/release/crossbuild/zulu8-emb-dev/hotspot/src/share/vm/asm
/var/lib/jenkins/ws/workspace/zulu8/linux/ppchf/c1/build/generic/ca/release/crossbuild/zulu8-emb-dev/hotspot/src/share/vm/c1
/var/lib/jenkins/ws/workspace/zulu8/linux/ppchf/c1/build/generic/ca/release/crossbuild/zulu8-emb-dev/hotspot/src/share/vm/ci
/var/lib/jenkins/ws/workspace/zulu8/linux/ppchf/c1/build/generic/ca/release/crossbuild/zulu8-emb-dev/hotspot/src/share/vm/classfile
/var/lib/jenkins/ws/workspace/zulu8/linux/ppchf/c1/build/generic/ca/release/crossbuild/zulu8-emb-dev/hotspot/src/share/vm/code
/var/lib/jenkins/ws/workspace/zulu8/linux/ppchf/c1/build/generic/ca/release/crossbuild/zulu8-emb-dev/hotspot/src/share/vm/compiler
/var/lib/jenkins/ws/workspace/zulu8/linux/ppchf/c1/build/generic/ca/release/crossbuild/zulu8-emb-dev/hotspot/src/share/vm/gc_implementation
/var/lib/jenkins/ws/workspace/zulu8/linux/ppchf/c1/build/generic/ca/release/crossbuild/zulu8-emb-dev/hotspot/src/share/vm/gc_implementation/shared
/var/lib/jenkins/ws/workspace/zulu8/linux/ppchf/c1/build/generic/ca/release/crossbuild/zulu8-emb-dev/hotspot/src/share/vm/gc_implementation/g1
/var/lib/jenkins/ws/workspace/zulu8/linux/ppchf/c1/build/generic/ca/release/crossbuild/zulu8-emb-dev/hotspot/src/share/vm/gc_implementation/parallelScavenge
/var/lib/jenkins/ws/workspace/zulu8/linux/ppchf/c1/build/generic/ca/release/crossbuild/zulu8-emb-dev/hotspot/src/share/vm/gc_implementation/parNew
/var/lib/jenkins/ws/workspace/zulu8/linux/ppchf/c1/build/generic/ca/release/crossbuild/zulu8-emb-dev/hotspot/src/share/vm/gc_implementation/concurrentMarkSweep
/var/lib/jenkins/ws/workspace/zulu8/linux/ppchf/c1/build/generic/ca/release/crossbuild/zulu8-emb-dev/hotspot/src/share/vm/gc_interface
/var/lib/jenkins/ws/workspace/zulu8/linux/ppchf/c1/build/generic/ca/release/crossbuild/zulu8-emb-dev/hotspot/src/share/vm/interpreter
/var/lib/jenkins/ws/workspace/zulu8/linux/ppchf/c1/build/generic/ca/release/crossbuild/zulu8-emb-dev/hotspot/src/share/vm/jfr
/var/lib/jenkins/ws/workspace/zulu8/linux/ppchf/c1/build/generic/ca/release/crossbuild/zulu8-emb-dev/hotspot/src/share/vm/jfr/metadata
/var/lib/jenkins/ws/workspace/zulu8/linux/ppchf/c1/build/generic/ca/release/crossbuild/zulu8-emb-dev/hotspot/src/share/vm/jfr/leakprofiler
/var/lib/jenkins/ws/workspace/zulu8/linux/ppchf/c1/build/generic/ca/release/crossbuild/zulu8-emb-dev/hotspot/src/share/vm/jfr/leakprofiler/sampling
/var/lib/jenkins/ws/workspace/zulu8/linux/ppchf/c1/build/generic/ca/release/crossbuild/zulu8-emb-dev/hotspot/src/share/vm/jfr/leakprofiler/chains
/var/lib/jenkins/ws/workspace/zulu8/linux/ppchf/c1/build/generic/ca/release/crossbuild/zulu8-emb-dev/hotspot/src/share/vm/jfr/leakprofiler/utilities
/var/lib/jenkins/ws/workspace/zulu8/linux/ppchf/c1/build/generic/ca/release/crossbuild/zulu8-emb-dev/hotspot/src/share/vm/jfr/leakprofiler/checkpoint
/var/lib/jenkins/ws/workspace/zulu8/linux/ppchf/c1/build/generic/ca/release/crossbuild/zulu8-emb-dev/hotspot/src/share/vm/jfr/support
/var/lib/jenkins/ws/workspace/zulu8/linux/ppchf/c1/build/generic/ca/release/crossbuild/zulu8-emb-dev/hotspot/src/share/vm/jfr/periodic
/var/lib/jenkins/ws/workspace/zulu8/linux/ppchf/c1/build/generic/ca/release/crossbuild/zulu8-emb-dev/hotspot/src/share/vm/jfr/periodic/sampling
/var/lib/jenkins/ws/workspace/zulu8/linux/ppchf/c1/build/generic/ca/release/crossbuild/zulu8-emb-dev/hotspot/src/share/vm/jfr/instrumentation
/var/lib/jenkins/ws/workspace/zulu8/linux/ppchf/c1/build/generic/ca/release/crossbuild/zulu8-emb-dev/hotspot/src/share/vm/jfr/writers
/var/lib/jenkins/ws/workspace/zulu8/linux/ppchf/c1/build/generic/ca/release/crossbuild/zulu8-emb-dev/hotspot/src/share/vm/jfr/jni
/var/lib/jenkins/ws/workspace/zulu8/linux/ppchf/c1/build/generic/ca/release/crossbuild/zulu8-emb-dev/hotspot/src/share/vm/jfr/utilities
/var/lib/jenkins/ws/workspace/zulu8/linux/ppchf/c1/build/generic/ca/release/crossbuild/zulu8-emb-dev/hotspot/src/share/vm/jfr/recorder
/var/lib/jenkins/ws/workspace/zulu8/linux/ppchf/c1/build/generic/ca/release/crossbuild/zulu8-emb-dev/hotspot/src/share/vm/jfr/recorder/checkpoint
/var/lib/jenkins/ws/workspace/zulu8/linux/ppchf/c1/build/generic/ca/release/crossbuild/zulu8-emb-dev/hotspot/src/share/vm/jfr/recorder/checkpoint/types
/var/lib/jenkins/ws/workspace/zulu8/linux/ppchf/c1/build/generic/ca/release/crossbuild/zulu8-emb-dev/hotspot/src/share/vm/jfr/recorder/checkpoint/types/traceid
/var/lib/jenkins/ws/workspace/zulu8/linux/ppchf/c1/build/generic/ca/release/crossbuild/zulu8-emb-dev/hotspot/src/share/vm/jfr/recorder/stacktrace
/var/lib/jenkins/ws/workspace/zulu8/linux/ppchf/c1/build/generic/ca/release/crossbuild/zulu8-emb-dev/hotspot/src/share/vm/jfr/recorder/repository
/var/lib/jenkins/ws/workspace/zulu8/linux/ppchf/c1/build/generic/ca/release/crossbuild/zulu8-emb-dev/hotspot/src/share/vm/jfr/recorder/service
/var/lib/jenkins/ws/workspace/zulu8/linux/ppchf/c1/build/generic/ca/release/crossbuild/zulu8-emb-dev/hotspot/src/share/vm/jfr/recorder/storage
/var/lib/jenkins/ws/workspace/zulu8/linux/ppchf/c1/build/generic/ca/release/crossbuild/zulu8-emb-dev/hotspot/src/share/vm/jfr/recorder/stringpool
/var/lib/jenkins/ws/workspace/zulu8/linux/ppchf/c1/build/generic/ca/release/crossbuild/zulu8-emb-dev/hotspot/src/share/vm/jfr/dcmd
/var/lib/jenkins/ws/workspace/zulu8/linux/ppchf/c1/build/generic/ca/release/crossbuild/zulu8-emb-dev/hotspot/src/share/vm/memory
/var/lib/jenkins/ws/workspace/zulu8/linux/ppchf/c1/build/generic/ca/release/crossbuild/zulu8-emb-dev/hotspot/src/share/vm/oops
/var/lib/jenkins/ws/workspace/zulu8/linux/ppchf/c1/build/generic/ca/release/crossbuild/zulu8-emb-dev/hotspot/src/share/vm/precompiled
/var/lib/jenkins/ws/workspace/zulu8/linux/ppchf/c1/build/generic/ca/release/crossbuild/zulu8-emb-dev/hotspot/src/share/vm/prims
/var/lib/jenkins/ws/workspace/zulu8/linux/ppchf/c1/build/generic/ca/release/crossbuild/zulu8-emb-dev/hotspot/src/share/vm/prims/wbtestmethods
/var/lib/jenkins/ws/workspace/zulu8/linux/ppchf/c1/build/generic/ca/release/crossbuild/zulu8-emb-dev/hotspot/src/share/vm/runtime
/var/lib/jenkins/ws/workspace/zulu8/linux/ppchf/c1/build/generic/ca/release/crossbuild/zulu8-emb-dev/hotspot/src/share/vm/services
/var/lib/jenkins/ws/workspace/zulu8/linux/ppchf/c1/build/generic/ca/release/crossbuild/zulu8-emb-dev/hotspot/src/share/vm/shark
/var/lib/jenkins/ws/workspace/zulu8/linux/ppchf/c1/build/generic/ca/release/crossbuild/zulu8-emb-dev/hotspot/src/share/vm/utilities
